2025-01-08 20:58:33,664 - INFO - Applying schema from c:\Users\Nicko\vscodeprojects\blockchain_tracker\database\sql\schema.sql
2025-01-08 20:58:33,664 - INFO - Schema applied successfully.
2025-01-08 20:58:33,672 - INFO - Connected to MongoDB database: blockchain
2025-01-08 20:58:33,690 - INFO - Indexes created for collection: Solana
2025-01-08 20:58:33,691 - INFO - Indexes created for collection: Bitcoin
2025-01-08 20:58:33,692 - INFO - Indexes created for collection: Ethereum
2025-01-08 20:58:33,692 - INFO - Indexes created for collection: BNB
2025-01-08 20:58:33,694 - INFO - Indexes created for collection: XRP
2025-01-08 20:58:33,694 - INFO - Starting Ethereum pipeline...
2025-01-08 20:58:33,694 - INFO - Initialized Ethereum querier
2025-01-08 20:58:33,694 - INFO - Initializing WebSocketHandler for Ethereum
2025-01-08 20:58:33,694 - INFO - Initializing EthereumWebSocketHandler for Ethereum
2025-01-08 20:58:33,694 - INFO - Initialized Ethereum processor
2025-01-08 20:58:33,694 - INFO - Starting BNB pipeline...
2025-01-08 20:58:33,694 - INFO - Initialized BNB querier
2025-01-08 20:58:33,695 - INFO - Initializing WebSocketHandler for BNB
2025-01-08 20:58:33,695 - INFO - Initializing BNBWebSocketHandler for BNB
2025-01-08 20:58:33,695 - INFO - Initialized BNB processor
2025-01-08 20:58:33,695 - INFO - Starting Bitcoin pipeline...
2025-01-08 20:58:33,695 - INFO - Initialized Bitcoin querier
2025-01-08 20:58:33,695 - INFO - BitcoinQuerier initialized
2025-01-08 20:58:33,695 - INFO - Initialized Bitcoin processor
2025-01-08 20:58:33,695 - INFO - Starting Solana pipeline...
2025-01-08 20:58:33,695 - INFO - Initialized Solana querier
2025-01-08 20:58:34,049 - INFO - Initialized Solana processor
2025-01-08 20:58:34,049 - INFO - Starting XRP pipeline...
2025-01-08 20:58:34,049 - INFO - Initialized XRP querier
2025-01-08 20:58:34,049 - INFO - Initializing WebSocketHandler for XRP
2025-01-08 20:58:34,049 - INFO - Initializing XRPWebSocketHandler for XRP Ledger
2025-01-08 20:58:34,049 - INFO - Initialized XRP processor
2025-01-08 20:58:34,050 - INFO - Starting Ethereum pipeline in real-time mode...
2025-01-08 20:58:34,050 - INFO - Starting BNB pipeline in real-time mode...
2025-01-08 20:58:34,053 - INFO - Starting Bitcoin pipeline in real-time mode...
2025-01-08 20:58:34,053 - INFO - Starting block stream...
2025-01-08 20:58:34,214 - INFO - New block detected: 000000000000000000005dbbfc90cc8cb06bff921203a5b3b85cca997f9d827a
2025-01-08 20:58:34,215 - INFO - Fetching the most recent block
2025-01-08 20:58:35,308 - INFO - Received block: 000000000000000000005dbbfc90cc8cb06bff921203a5b3b85cca997f9d827a
2025-01-08 20:58:35,308 - INFO - Starting Solana pipeline in real-time mode...
2025-01-08 20:58:35,308 - INFO - Starting block streaming...
2025-01-08 20:58:35,308 - INFO - Starting XRP pipeline in real-time mode...
2025-01-08 20:58:35,308 - INFO - Processing block 878413 on Bitcoin
2025-01-08 20:58:35,675 - INFO - Inserted block 878413 into Bitcoin collection in MongoDB.
2025-01-08 20:58:35,675 - INFO - Inserting block 878413 into SQL database
2025-01-08 20:58:35,678 - INFO - Block 878413 inserted successfully
2025-01-08 20:58:37,067 - INFO - Connected to WebSocket: BNB
2025-01-08 20:58:37,068 - INFO - Subscribed to BNB updates.
2025-01-08 20:58:37,074 - INFO - Connected to WebSocket: Ethereum
2025-01-08 20:58:37,075 - INFO - Subscribed to Ethereum updates.
2025-01-08 20:58:37,095 - INFO - Connected to WebSocket: XRP
2025-01-08 20:58:37,096 - INFO - Subscribed to XRP updates.
2025-01-08 20:58:37,139 - INFO - Connected to Solana WebSocket.
2025-01-08 20:58:37,139 - INFO - Subscribed to slot updates.
2025-01-08 20:58:37,490 - INFO - Fetching block for slot: 312783755
2025-01-08 20:58:38,331 - INFO - HTTP Request: POST https://dimensional-omniscient-needle.solana-mainnet.quiknode.pro/b673c5969121edb8f0170e0025333ad090bc12b3 "HTTP/1.1 200 OK"
2025-01-08 20:58:38,888 - INFO - Received block for slot: 291098621
2025-01-08 20:58:38,889 - INFO - Processing Solana block 291098621
2025-01-08 20:58:39,134 - INFO - Inserted block 291098621 into Solana collection in MongoDB.
2025-01-08 20:58:39,134 - INFO - Inserting block 291098621 into SQL database
2025-01-08 20:58:39,136 - INFO - Block 291098621 inserted successfully
2025-01-08 20:58:39,138 - INFO - Fetching block for slot: 312783756
2025-01-08 20:58:40,119 - INFO - HTTP Request: POST https://dimensional-omniscient-needle.solana-mainnet.quiknode.pro/b673c5969121edb8f0170e0025333ad090bc12b3 "HTTP/1.1 200 OK"
2025-01-08 20:58:40,562 - INFO - Received block for slot: 291098622
2025-01-08 20:58:40,563 - INFO - Fetching block for slot: 312783757
2025-01-08 20:58:40,880 - INFO - HTTP Request: POST https://dimensional-omniscient-needle.solana-mainnet.quiknode.pro/b673c5969121edb8f0170e0025333ad090bc12b3 "HTTP/1.1 200 OK"
2025-01-08 20:58:41,175 - INFO - Received block for slot: 291098623
2025-01-08 20:58:41,175 - INFO - Fetching block for slot: 312783758
2025-01-08 20:58:41,492 - INFO - HTTP Request: POST https://dimensional-omniscient-needle.solana-mainnet.quiknode.pro/b673c5969121edb8f0170e0025333ad090bc12b3 "HTTP/1.1 200 OK"
2025-01-08 20:58:41,804 - INFO - Received block for slot: 291098624
2025-01-08 20:58:41,804 - INFO - Fetching block for slot: 312783759
2025-01-08 20:58:42,427 - INFO - HTTP Request: POST https://dimensional-omniscient-needle.solana-mainnet.quiknode.pro/b673c5969121edb8f0170e0025333ad090bc12b3 "HTTP/1.1 200 OK"
2025-01-08 20:58:42,800 - INFO - Received block for slot: 291098625
2025-01-08 20:58:42,801 - INFO - Processing Solana block 291098622
2025-01-08 20:58:43,100 - INFO - Inserted block 291098622 into Solana collection in MongoDB.
2025-01-08 20:58:43,100 - INFO - Inserting block 291098622 into SQL database
2025-01-08 20:58:43,110 - INFO - Block 291098622 inserted successfully
2025-01-08 20:58:43,119 - INFO - Processing Solana block 291098623
2025-01-08 20:58:43,341 - INFO - Inserted block 291098623 into Solana collection in MongoDB.
2025-01-08 20:58:43,341 - INFO - Inserting block 291098623 into SQL database
2025-01-08 20:58:43,349 - INFO - Block 291098623 inserted successfully
2025-01-08 20:58:43,357 - INFO - Processing Solana block 291098624
2025-01-08 20:58:43,732 - INFO - Inserted block 291098624 into Solana collection in MongoDB.
2025-01-08 20:58:43,732 - INFO - Inserting block 291098624 into SQL database
2025-01-08 20:58:43,737 - INFO - Block 291098624 inserted successfully
2025-01-08 20:58:43,744 - INFO - Processing Solana block 291098625
2025-01-08 20:58:44,487 - INFO - Inserted block 291098625 into Solana collection in MongoDB.
2025-01-08 20:58:44,487 - INFO - Inserting block 291098625 into SQL database
2025-01-08 20:58:44,540 - INFO - Block 291098625 inserted successfully
2025-01-08 20:58:44,542 - INFO - Received block: 21583793
2025-01-08 20:58:44,726 - INFO - Processing block 0x14957b1 on Ethereum
2025-01-08 20:58:44,737 - INFO - Inserted block 0x14957b1 into Ethereum collection in MongoDB.
2025-01-08 20:58:44,737 - INFO - Inserting block 21583793 into SQL database
2025-01-08 20:58:46,080 - INFO - Block 21583793 inserted successfully
2025-01-08 20:58:46,080 - INFO - Fetching block for slot: 312783760
2025-01-08 20:58:46,451 - INFO - HTTP Request: POST https://dimensional-omniscient-needle.solana-mainnet.quiknode.pro/b673c5969121edb8f0170e0025333ad090bc12b3 "HTTP/1.1 200 OK"
2025-01-08 20:58:46,760 - INFO - Received block for slot: 291098626
2025-01-08 20:58:46,760 - INFO - Fetching block for slot: 312783761
2025-01-08 20:58:47,167 - INFO - HTTP Request: POST https://dimensional-omniscient-needle.solana-mainnet.quiknode.pro/b673c5969121edb8f0170e0025333ad090bc12b3 "HTTP/1.1 200 OK"
2025-01-08 20:58:47,524 - INFO - Received block for slot: 291098627
2025-01-08 20:58:47,525 - INFO - Fetching block for slot: 312783762
2025-01-08 20:58:47,920 - INFO - HTTP Request: POST https://dimensional-omniscient-needle.solana-mainnet.quiknode.pro/b673c5969121edb8f0170e0025333ad090bc12b3 "HTTP/1.1 200 OK"
2025-01-08 20:58:48,261 - INFO - Received block for slot: 291098628
2025-01-08 20:58:48,261 - INFO - Fetching block for slot: 312783763
2025-01-08 20:58:48,629 - INFO - HTTP Request: POST https://dimensional-omniscient-needle.solana-mainnet.quiknode.pro/b673c5969121edb8f0170e0025333ad090bc12b3 "HTTP/1.1 200 OK"
2025-01-08 20:58:48,882 - INFO - Received block for slot: 291098629
2025-01-08 20:58:48,882 - INFO - Fetching block for slot: 312783764
2025-01-08 20:58:49,307 - INFO - HTTP Request: POST https://dimensional-omniscient-needle.solana-mainnet.quiknode.pro/b673c5969121edb8f0170e0025333ad090bc12b3 "HTTP/1.1 200 OK"
2025-01-08 20:58:49,795 - INFO - Received block for slot: 291098630
2025-01-08 20:58:49,795 - INFO - Fetching block for slot: 312783765
2025-01-08 20:58:50,128 - INFO - HTTP Request: POST https://dimensional-omniscient-needle.solana-mainnet.quiknode.pro/b673c5969121edb8f0170e0025333ad090bc12b3 "HTTP/1.1 200 OK"
2025-01-08 20:58:50,532 - INFO - Received block for slot: 291098631
2025-01-08 20:58:50,532 - INFO - Stream duration expired.
2025-01-08 20:58:50,532 - INFO - Processing Solana block 291098626
2025-01-08 20:58:50,758 - INFO - Inserted block 291098626 into Solana collection in MongoDB.
2025-01-08 20:58:50,759 - INFO - Inserting block 291098626 into SQL database
2025-01-08 20:58:50,761 - INFO - Block 291098626 inserted successfully
2025-01-08 20:58:50,768 - INFO - Processing Solana block 291098627
2025-01-08 20:58:51,039 - INFO - Inserted block 291098627 into Solana collection in MongoDB.
2025-01-08 20:58:51,039 - INFO - Inserting block 291098627 into SQL database
2025-01-08 20:58:51,276 - INFO - Block 291098627 inserted successfully
2025-01-08 20:58:51,285 - INFO - Processing Solana block 291098628
2025-01-08 20:58:51,517 - INFO - Inserted block 291098628 into Solana collection in MongoDB.
2025-01-08 20:58:51,517 - INFO - Inserting block 291098628 into SQL database
2025-01-08 20:58:51,522 - INFO - Block 291098628 inserted successfully
2025-01-08 20:58:51,530 - INFO - Processing Solana block 291098629
2025-01-08 20:58:51,770 - INFO - Inserted block 291098629 into Solana collection in MongoDB.
2025-01-08 20:58:51,771 - INFO - Inserting block 291098629 into SQL database
2025-01-08 20:58:51,774 - INFO - Block 291098629 inserted successfully
2025-01-08 20:58:51,784 - INFO - Processing Solana block 291098630
2025-01-08 20:58:52,074 - INFO - Inserted block 291098630 into Solana collection in MongoDB.
2025-01-08 20:58:52,074 - INFO - Inserting block 291098630 into SQL database
2025-01-08 20:58:52,079 - INFO - Block 291098630 inserted successfully
2025-01-08 20:58:52,088 - INFO - Processing Solana block 291098631
2025-01-08 20:58:52,349 - INFO - Inserted block 291098631 into Solana collection in MongoDB.
2025-01-08 20:58:52,349 - INFO - Inserting block 291098631 into SQL database
2025-01-08 20:58:52,365 - INFO - Block 291098631 inserted successfully
2025-01-08 20:58:52,525 - INFO - Block streaming duration ended.
2025-01-08 20:58:52,525 - INFO - Completed Solana pipeline in real-time mode.
2025-01-08 20:58:52,541 - INFO - Completed Bitcoin pipeline in real-time mode.
2025-01-08 20:58:52,611 - INFO - WebSocket connection stopped for BNB.
2025-01-08 20:58:52,611 - INFO - BNB pipeline completed in real-time mode.
2025-01-08 20:58:52,641 - INFO - WebSocket connection stopped for XRP.
2025-01-08 20:58:52,641 - INFO - Completed XRP pipeline in real-time mode.
2025-01-08 20:58:54,217 - INFO - Received block: 21583794
2025-01-08 20:58:54,218 - INFO - Processing block 0x14957b2 on Ethereum
2025-01-08 20:58:54,261 - INFO - Inserted block 0x14957b2 into Ethereum collection in MongoDB.
2025-01-08 20:58:54,261 - INFO - Inserting block 21583794 into SQL database
2025-01-08 20:58:54,265 - INFO - Block 21583794 inserted successfully
2025-01-08 20:58:54,265 - INFO - WebSocket connection stopped for Ethereum.
2025-01-08 20:58:54,265 - INFO - Completed Ethereum pipeline in real-time mode.
